<?xml version="1.0" encoding="UTF-8"?>
<!-- Generated by org.testng.reporters.JUnitXMLReporter -->
<testsuite ignored="0" hostname="USMUMNEEUPADHY9" failures="1" tests="1" name="Command line test" time="31.273" errors="0" timestamp="2022-02-24T18:06:09 IST">
  <testcase classname="com.HomePage.HomePageTest" name="SignUpUser" time="0.014">
    <failure type="java.lang.NullPointerException" message="Cannot invoke &amp;quot;org.openqa.selenium.WebDriver.findElement(org.openqa.selenium.By)&amp;quot; because &amp;quot;this.driver&amp;quot; is null">
      <![CDATA[java.lang.NullPointerException: Cannot invoke "org.openqa.selenium.WebDriver.findElement(org.openqa.selenium.By)" because "this.driver" is null
at com.AW.PageObject.HomePage.<init>(HomePage.java:17)
at com.HomePage.HomePageTest.SignUpUser(HomePageTest.java:23)
at java.base/java.util.ArrayList.forEach(ArrayList.java:1511)
... Removed 36 stack frames]]>
    </failure>
  </testcase> <!-- SignUpUser -->
</testsuite> <!-- Command line test -->
